This file contains any messages produced by compilers while
running configure, to aid debugging if configure makes a mistake.

It was created by NCL configure 2.0.04, which was
generated by GNU Autoconf 2.61.  Invocation command line was

  $ ./configure 

## --------- ##
## Platform. ##
## --------- ##

hostname = user-67-159-88-74.wireless.duke.edu
uname -m = i386
uname -r = 9.1.0
uname -s = Darwin
uname -v = Darwin Kernel Version 9.1.0: Wed Oct 31 17:46:22 PDT 2007; root:xnu-1228.0.2~1/RELEASE_I386

/usr/bin/uname -p = i386
/bin/uname -X     = unknown

/bin/arch              = unknown
/usr/bin/arch -k       = unknown
/usr/convex/getsysinfo = unknown
/usr/bin/hostinfo      = Mach kernel version:
	 Darwin Kernel Version 9.1.0: Wed Oct 31 17:46:22 PDT 2007; root:xnu-1228.0.2~1/RELEASE_I386
Kernel configured for up to 2 processors.
2 processors are physically available.
2 processors are logically available.
Processor type: i486 (Intel 80486)
Processors active: 0 1
Primary memory available: 2.00 gigabytes
Default processor set: 64 tasks, 244 threads, 2 processors
Load average: 0.48, Mach factor: 1.50
/bin/machine           = unknown
/usr/bin/oslevel       = unknown
/bin/universe          = unknown

PATH: /usr/bin
PATH: /bin
PATH: /usr/sbin
PATH: /sbin
PATH: /usr/local/bin
PATH: /usr/texbin
PATH: /usr/X11/bin
PATH: /usr/local/bin
PATH: /usr/local/graphviz-2.14/bin


## ----------- ##
## Core tests. ##
## ----------- ##

configure:2000: checking for a BSD-compatible install
configure:2056: result: /usr/bin/install -c
configure:2067: checking whether build environment is sane
configure:2110: result: yes
configure:2138: checking for a thread-safe mkdir -p
configure:2177: result: config/install-sh -c -d
configure:2190: checking for gawk
configure:2220: result: no
configure:2190: checking for mawk
configure:2220: result: no
configure:2190: checking for nawk
configure:2220: result: no
configure:2190: checking for awk
configure:2206: found /usr/bin/awk
configure:2217: result: awk
configure:2228: checking whether make sets $(MAKE)
configure:2249: result: yes
configure:2432: checking how to create a ustar tar archive
configure:2445: tar --version
tar (GNU tar) 1.15.1
configure:2448: $? = 0
configure:2488: tardir=conftest.dir && eval tar --format=ustar -chf - "$tardir" >conftest.tar
configure:2491: $? = 0
configure:2495: tar -xf - <conftest.tar
configure:2498: $? = 0
configure:2511: result: gnutar
configure:2522: checking whether ln -s works
configure:2526: result: yes
configure:2546: checking for a BSD-compatible install
configure:2602: result: /usr/bin/install -c
configure:2680: checking for g++
configure:2696: found /usr/bin/g++
configure:2707: result: g++
configure:2738: checking for C++ compiler version
configure:2745: g++ --version >&5
i686-apple-darwin9-g++-4.0.1 (GCC) 4.0.1 (Apple Inc. build 5465)
Copyright (C) 2005 Free Software Foundation, Inc.
This is free software; see the source for copying conditions.  There is NO
warranty; not even for MERCHANTABILITY or FITNESS FOR A PARTICULAR PURPOSE.

configure:2748: $? = 0
configure:2755: g++ -v >&5
Using built-in specs.
Target: i686-apple-darwin9
Configured with: /var/tmp/gcc/gcc-5465~16/src/configure --disable-checking -enable-werror --prefix=/usr --mandir=/share/man --enable-languages=c,objc,c++,obj-c++ --program-transform-name=/^[cg][^.-]*$/s/$/-4.0/ --with-gxx-include-dir=/include/c++/4.0.0 --with-slibdir=/usr/lib --build=i686-apple-darwin9 --with-arch=apple --with-tune=generic --host=i686-apple-darwin9 --target=i686-apple-darwin9
Thread model: posix
gcc version 4.0.1 (Apple Inc. build 5465)
configure:2758: $? = 0
configure:2765: g++ -V >&5
g++-4.0: argument to `-V' is missing
configure:2768: $? = 1
configure:2791: checking for C++ compiler default output file name
configure:2818: g++    conftest.cpp  >&5
configure:2821: $? = 0
configure:2859: result: a.out
configure:2876: checking whether the C++ compiler works
configure:2886: ./a.out
configure:2889: $? = 0
configure:2906: result: yes
configure:2913: checking whether we are cross compiling
configure:2915: result: no
configure:2918: checking for suffix of executables
configure:2925: g++ -o conftest    conftest.cpp  >&5
configure:2928: $? = 0
configure:2952: result: 
configure:2958: checking for suffix of object files
configure:2984: g++ -c   conftest.cpp >&5
configure:2987: $? = 0
configure:3010: result: o
configure:3014: checking whether we are using the GNU C++ compiler
configure:3043: g++ -c   conftest.cpp >&5
configure:3049: $? = 0
configure:3066: result: yes
configure:3071: checking whether g++ accepts -g
configure:3101: g++ -c -g  conftest.cpp >&5
configure:3107: $? = 0
configure:3206: result: yes
configure:3240: checking for style of include used by make
configure:3268: result: GNU
configure:3293: checking dependency style of g++
configure:3384: result: gcc3
configure:3442: checking for ranlib
configure:3458: found /usr/bin/ranlib
configure:3469: result: ranlib
configure:3573: checking build system type
configure:3591: result: i686-apple-darwin9.1.0
configure:3613: checking host system type
configure:3628: result: i686-apple-darwin9.1.0
configure:3698: checking for gcc
configure:3714: found /usr/bin/gcc
configure:3725: result: gcc
configure:3963: checking for C compiler version
configure:3970: gcc --version >&5
i686-apple-darwin9-gcc-4.0.1 (GCC) 4.0.1 (Apple Inc. build 5465)
Copyright (C) 2005 Free Software Foundation, Inc.
This is free software; see the source for copying conditions.  There is NO
warranty; not even for MERCHANTABILITY or FITNESS FOR A PARTICULAR PURPOSE.

configure:3973: $? = 0
configure:3980: gcc -v >&5
Using built-in specs.
Target: i686-apple-darwin9
Configured with: /var/tmp/gcc/gcc-5465~16/src/configure --disable-checking -enable-werror --prefix=/usr --mandir=/share/man --enable-languages=c,objc,c++,obj-c++ --program-transform-name=/^[cg][^.-]*$/s/$/-4.0/ --with-gxx-include-dir=/include/c++/4.0.0 --with-slibdir=/usr/lib --build=i686-apple-darwin9 --with-arch=apple --with-tune=generic --host=i686-apple-darwin9 --target=i686-apple-darwin9
Thread model: posix
gcc version 4.0.1 (Apple Inc. build 5465)
configure:3983: $? = 0
configure:3990: gcc -V >&5
gcc-4.0: argument to `-V' is missing
configure:3993: $? = 1
configure:3996: checking whether we are using the GNU C compiler
configure:4025: gcc -c   conftest.c >&5
configure:4031: $? = 0
configure:4048: result: yes
configure:4053: checking whether gcc accepts -g
configure:4083: gcc -c -g  conftest.c >&5
configure:4089: $? = 0
configure:4188: result: yes
configure:4205: checking for gcc option to accept ISO C89
configure:4279: gcc  -c -g -O2  conftest.c >&5
configure:4285: $? = 0
configure:4308: result: none needed
configure:4328: checking dependency style of gcc
configure:4419: result: gcc3
configure:4434: checking for a sed that does not truncate output
configure:4488: result: /usr/bin/sed
configure:4491: checking for grep that handles long lines and -e
configure:4565: result: /usr/bin/grep
configure:4570: checking for egrep
configure:4648: result: /usr/bin/grep -E
configure:4664: checking for ld used by gcc
configure:4731: result: /usr/libexec/gcc/i686-apple-darwin9/4.0.1/ld
configure:4740: checking if the linker (/usr/libexec/gcc/i686-apple-darwin9/4.0.1/ld) is GNU ld
configure:4755: result: no
configure:4760: checking for /usr/libexec/gcc/i686-apple-darwin9/4.0.1/ld option to reload object files
configure:4767: result: -r
configure:4785: checking for BSD-compatible nm
configure:4827: result: /usr/bin/nm -p
configure:4831: checking how to recognise dependent libraries
configure:5003: result: pass_all
configure:5214: checking how to run the C preprocessor
configure:5254: gcc -E  conftest.c
configure:5260: $? = 0
configure:5291: gcc -E  conftest.c
conftest.c:10:28: error: ac_nonexistent.h: No such file or directory
configure:5297: $? = 1
configure: failed program was:
| /* confdefs.h.  */
| #define PACKAGE_NAME "NCL"
| #define PACKAGE_TARNAME "ncl"
| #define PACKAGE_VERSION "2.0.04"
| #define PACKAGE_STRING "NCL 2.0.04"
| #define PACKAGE_BUGREPORT "paul.lewis@uconn.edu"
| #define PACKAGE "ncl"
| #define VERSION "2.0.04"
| /* end confdefs.h.  */
| #include <ac_nonexistent.h>
configure:5330: result: gcc -E
configure:5359: gcc -E  conftest.c
configure:5365: $? = 0
configure:5396: gcc -E  conftest.c
conftest.c:10:28: error: ac_nonexistent.h: No such file or directory
configure:5402: $? = 1
configure: failed program was:
| /* confdefs.h.  */
| #define PACKAGE_NAME "NCL"
| #define PACKAGE_TARNAME "ncl"
| #define PACKAGE_VERSION "2.0.04"
| #define PACKAGE_STRING "NCL 2.0.04"
| #define PACKAGE_BUGREPORT "paul.lewis@uconn.edu"
| #define PACKAGE "ncl"
| #define VERSION "2.0.04"
| /* end confdefs.h.  */
| #include <ac_nonexistent.h>
configure:5440: checking for ANSI C header files
configure:5470: gcc -c -g -O2  conftest.c >&5
configure:5476: $? = 0
configure:5575: gcc -o conftest -g -O2   conftest.c  >&5
configure:5578: $? = 0
configure:5584: ./conftest
configure:5587: $? = 0
configure:5604: result: yes
configure:5628: checking for sys/types.h
configure:5649: gcc -c -g -O2  conftest.c >&5
configure:5655: $? = 0
configure:5671: result: yes
configure:5628: checking for sys/stat.h
configure:5649: gcc -c -g -O2  conftest.c >&5
configure:5655: $? = 0
configure:5671: result: yes
configure:5628: checking for stdlib.h
configure:5649: gcc -c -g -O2  conftest.c >&5
configure:5655: $? = 0
configure:5671: result: yes
configure:5628: checking for string.h
configure:5649: gcc -c -g -O2  conftest.c >&5
configure:5655: $? = 0
configure:5671: result: yes
configure:5628: checking for memory.h
configure:5649: gcc -c -g -O2  conftest.c >&5
configure:5655: $? = 0
configure:5671: result: yes
configure:5628: checking for strings.h
configure:5649: gcc -c -g -O2  conftest.c >&5
configure:5655: $? = 0
configure:5671: result: yes
configure:5628: checking for inttypes.h
configure:5649: gcc -c -g -O2  conftest.c >&5
configure:5655: $? = 0
configure:5671: result: yes
configure:5628: checking for stdint.h
configure:5649: gcc -c -g -O2  conftest.c >&5
configure:5655: $? = 0
configure:5671: result: yes
configure:5628: checking for unistd.h
configure:5649: gcc -c -g -O2  conftest.c >&5
configure:5655: $? = 0
configure:5671: result: yes
configure:5698: checking dlfcn.h usability
configure:5715: gcc -c -g -O2  conftest.c >&5
configure:5721: $? = 0
configure:5735: result: yes
configure:5739: checking dlfcn.h presence
configure:5754: gcc -E  conftest.c
configure:5760: $? = 0
configure:5774: result: yes
configure:5807: checking for dlfcn.h
configure:5815: result: yes
configure:5838: checking how to run the C++ preprocessor
configure:5874: g++ -E  conftest.cpp
configure:5880: $? = 0
configure:5911: g++ -E  conftest.cpp
conftest.cpp:21:28: error: ac_nonexistent.h: No such file or directory
configure:5917: $? = 1
configure: failed program was:
| /* confdefs.h.  */
| #define PACKAGE_NAME "NCL"
| #define PACKAGE_TARNAME "ncl"
| #define PACKAGE_VERSION "2.0.04"
| #define PACKAGE_STRING "NCL 2.0.04"
| #define PACKAGE_BUGREPORT "paul.lewis@uconn.edu"
| #define PACKAGE "ncl"
| #define VERSION "2.0.04"
| #define STDC_HEADERS 1
| #define HAVE_SYS_TYPES_H 1
| #define HAVE_SYS_STAT_H 1
| #define HAVE_STDLIB_H 1
| #define HAVE_STRING_H 1
| #define HAVE_MEMORY_H 1
| #define HAVE_STRINGS_H 1
| #define HAVE_INTTYPES_H 1
| #define HAVE_STDINT_H 1
| #define HAVE_UNISTD_H 1
| #define HAVE_DLFCN_H 1
| /* end confdefs.h.  */
| #include <ac_nonexistent.h>
configure:5950: result: g++ -E
configure:5979: g++ -E  conftest.cpp
configure:5985: $? = 0
configure:6016: g++ -E  conftest.cpp
conftest.cpp:21:28: error: ac_nonexistent.h: No such file or directory
configure:6022: $? = 1
configure: failed program was:
| /* confdefs.h.  */
| #define PACKAGE_NAME "NCL"
| #define PACKAGE_TARNAME "ncl"
| #define PACKAGE_VERSION "2.0.04"
| #define PACKAGE_STRING "NCL 2.0.04"
| #define PACKAGE_BUGREPORT "paul.lewis@uconn.edu"
| #define PACKAGE "ncl"
| #define VERSION "2.0.04"
| #define STDC_HEADERS 1
| #define HAVE_SYS_TYPES_H 1
| #define HAVE_SYS_STAT_H 1
| #define HAVE_STDLIB_H 1
| #define HAVE_STRING_H 1
| #define HAVE_MEMORY_H 1
| #define HAVE_STRINGS_H 1
| #define HAVE_INTTYPES_H 1
| #define HAVE_STDINT_H 1
| #define HAVE_UNISTD_H 1
| #define HAVE_DLFCN_H 1
| /* end confdefs.h.  */
| #include <ac_nonexistent.h>
configure:6115: checking for g77
configure:6145: result: no
configure:6115: checking for xlf
configure:6145: result: no
configure:6115: checking for f77
configure:6145: result: no
configure:6115: checking for frt
configure:6145: result: no
configure:6115: checking for pgf77
configure:6145: result: no
configure:6115: checking for cf77
configure:6145: result: no
configure:6115: checking for fort77
configure:6145: result: no
configure:6115: checking for fl32
configure:6145: result: no
configure:6115: checking for af77
configure:6145: result: no
configure:6115: checking for xlf90
configure:6145: result: no
configure:6115: checking for f90
configure:6145: result: no
configure:6115: checking for pgf90
configure:6145: result: no
configure:6115: checking for pghpf
configure:6145: result: no
configure:6115: checking for epcf90
configure:6145: result: no
configure:6115: checking for gfortran
configure:6145: result: no
configure:6115: checking for g95
configure:6145: result: no
configure:6115: checking for xlf95
configure:6145: result: no
configure:6115: checking for f95
configure:6145: result: no
configure:6115: checking for fort
configure:6145: result: no
configure:6115: checking for ifort
configure:6145: result: no
configure:6115: checking for ifc
configure:6145: result: no
configure:6115: checking for efc
configure:6145: result: no
configure:6115: checking for pgf95
configure:6145: result: no
configure:6115: checking for lf95
configure:6145: result: no
configure:6115: checking for ftn
configure:6145: result: no
configure:6172: checking for Fortran 77 compiler version
configure:6179:  --version >&5
./configure: line 6180: --version: command not found
configure:6182: $? = 127
configure:6189:  -v >&5
./configure: line 6190: -v: command not found
configure:6192: $? = 127
configure:6199:  -V >&5
./configure: line 6200: -V: command not found
configure:6202: $? = 127
configure:6210: checking whether we are using the GNU Fortran 77 compiler
configure:6229:  -c  conftest.F >&5
./configure: line 6230: -c: command not found
configure:6235: $? = 127
configure: failed program was:
|       program main
| #ifndef __GNUC__
|        choke me
| #endif
| 
|       end
configure:6252: result: no
configure:6258: checking whether  accepts -g
configure:6275:  -c -g conftest.f >&5
./configure: line 6276: -c: command not found
configure:6281: $? = 127
configure: failed program was:
|       program main
| 
|       end
configure:6297: result: no
configure:6327: checking the maximum length of command line arguments
configure:6419: result: 196608
configure:6430: checking command to parse /usr/bin/nm -p output from gcc object
configure:6526: gcc -c -g -O2  conftest.c >&5
configure:6529: $? = 0
configure:6533: /usr/bin/nm -p conftest.o \| sed -n -e 's/^.*[ 	]\([BCDEGRST][BCDEGRST]*\)[ 	][ 	]*\([_A-Za-z][_A-Za-z0-9]*\)$/\1 \2 \2/p' \> conftest.nm
configure:6536: $? = 0
cannot find nm_test_var in conftest.nm
configure:6526: gcc -c -g -O2  conftest.c >&5
configure:6529: $? = 0
configure:6533: /usr/bin/nm -p conftest.o \| sed -n -e 's/^.*[ 	]\([BCDEGRST][BCDEGRST]*\)[ 	][ 	]*_\([_A-Za-z][_A-Za-z0-9]*\)$/\1 _\2 \2/p' \> conftest.nm
configure:6536: $? = 0
configure:6588: gcc -o conftest -g -O2   conftest.c conftstm.o >&5
configure:6591: $? = 0
configure:6629: result: ok
configure:6633: checking for objdir
configure:6648: result: .libs
configure:6740: checking for ar
configure:6756: found /usr/bin/ar
configure:6767: result: ar
configure:6836: checking for ranlib
configure:6863: result: ranlib
configure:6932: checking for strip
configure:6948: found /usr/bin/strip
configure:6959: result: strip
configure:7260: checking if gcc static flag  works
configure:7288: result: yes
configure:7310: checking if gcc supports -fno-rtti -fno-exceptions
configure:7328: gcc -c -g -O2  -fno-rtti -fno-exceptions conftest.c >&5
cc1: warning: command line option "-fno-rtti" is valid for C++/ObjC++ but not for C
configure:7332: $? = 0
configure:7345: result: no
configure:7360: checking for gcc option to produce PIC
configure:7564: result: -fno-common
configure:7572: checking if gcc PIC flag -fno-common works
configure:7590: gcc -c -g -O2  -fno-common -DPIC conftest.c >&5
configure:7594: $? = 0
configure:7607: result: yes
configure:7631: checking if gcc supports -c -o file.o
configure:7652: gcc -c -g -O2  -o out/conftest2.o conftest.c >&5
configure:7656: $? = 0
configure:7678: result: yes
configure:7704: checking whether the gcc linker (/usr/libexec/gcc/i686-apple-darwin9/4.0.1/ld) supports shared libraries
configure:8595: result: yes
configure:8666: checking dynamic linker characteristics
configure:9229: result: darwin9.1.0 dyld
configure:9233: checking how to hardcode library paths into programs
configure:9258: result: immediate
configure:9272: checking whether stripping libraries is possible
configure:9285: result: yes
configure:10074: checking if libtool supports shared libraries
configure:10076: result: yes
configure:10079: checking whether to build shared libraries
configure:10100: result: yes
configure:10103: checking whether to build static libraries
configure:10107: result: yes
configure:10199: creating libtool
configure:10777: checking for ld used by g++
configure:10844: result: /usr/libexec/gcc/i686-apple-darwin9/4.0.1/ld
configure:10853: checking if the linker (/usr/libexec/gcc/i686-apple-darwin9/4.0.1/ld) is GNU ld
configure:10868: result: no
configure:10919: checking whether the g++ linker (/usr/libexec/gcc/i686-apple-darwin9/4.0.1/ld) supports shared libraries
configure:11802: result: yes
configure:11824: g++ -c -g -O2  conftest.cc >&5
configure:11827: $? = 0
configure:11923: checking for g++ option to produce PIC
configure:12191: result: -fno-common
configure:12199: checking if g++ PIC flag -fno-common works
configure:12217: g++ -c -g -O2  -fno-common -DPIC conftest.cc >&5
configure:12221: $? = 0
configure:12234: result: yes
configure:12258: checking if g++ supports -c -o file.o
configure:12279: g++ -c -g -O2  -o out/conftest2.o conftest.cc >&5
configure:12283: $? = 0
configure:12305: result: yes
configure:12331: checking whether the g++ linker (/usr/libexec/gcc/i686-apple-darwin9/4.0.1/ld) supports shared libraries
configure:12356: result: yes
configure:12427: checking dynamic linker characteristics
configure:12990: result: darwin9.1.0 dyld
configure:12994: checking how to hardcode library paths into programs
configure:13019: result: immediate
configure:13033: checking whether stripping libraries is possible
configure:13046: result: yes
configure:20582: checking for ANSI C header files
configure:20746: result: yes
configure:20772: checking float.h usability
configure:20789: gcc -c -g -O2  conftest.c >&5
configure:20795: $? = 0
configure:20809: result: yes
configure:20813: checking float.h presence
configure:20828: gcc -E  conftest.c
configure:20834: $? = 0
configure:20848: result: yes
configure:20881: checking for float.h
configure:20889: result: yes
configure:20762: checking for stdlib.h
configure:20768: result: yes
configure:20904: checking for stdbool.h that conforms to C99
configure:20997: gcc -c -g -O2  conftest.c >&5
configure:21003: $? = 0
configure:21018: result: yes
configure:21020: checking for _Bool
configure:21050: gcc -c -g -O2  conftest.c >&5
configure:21056: $? = 0
configure:21071: result: yes
configure:21090: checking for an ANSI C-conforming const
configure:21165: gcc -c -g -O2  conftest.c >&5
configure:21171: $? = 0
configure:21186: result: yes
configure:21196: checking for inline
configure:21222: gcc -c -g -O2  conftest.c >&5
configure:21228: $? = 0
configure:21246: result: inline
configure:21265: checking whether struct tm is in sys/time.h or time.h
configure:21295: gcc -c -g -O2  conftest.c >&5
configure:21301: $? = 0
configure:21316: result: time.h
configure:21328: checking whether time.h and sys/time.h may both be included
configure:21358: gcc -c -g -O2  conftest.c >&5
configure:21364: $? = 0
configure:21379: result: yes
configure:21407: checking sys/time.h usability
configure:21424: gcc -c -g -O2  conftest.c >&5
configure:21430: $? = 0
configure:21444: result: yes
configure:21448: checking sys/time.h presence
configure:21463: gcc -E  conftest.c
configure:21469: $? = 0
configure:21483: result: yes
configure:21516: checking for sys/time.h
configure:21524: result: yes
configure:21397: checking for unistd.h
configure:21403: result: yes
configure:21548: checking for alarm
configure:21604: gcc -o conftest -g -O2   conftest.c  >&5
configure:21610: $? = 0
configure:21628: result: yes
configure:21654: checking for working mktime
configure:21863: gcc -o conftest -g -O2   conftest.c  >&5
configure:21866: $? = 0
configure:21872: ./conftest
configure:21875: $? = 0
configure:21891: result: yes
configure:21902: checking for working strtod
configure:21953: gcc -o conftest -g -O2   conftest.c  >&5
configure:21956: $? = 0
configure:21962: ./conftest
configure:21965: $? = 0
configure:21981: result: yes
configure:22151: checking for memmove
configure:22207: gcc -o conftest -g -O2   conftest.c  >&5
conftest.c:53: warning: conflicting types for built-in function 'memmove'
configure:22213: $? = 0
configure:22231: result: yes
configure:22151: checking for strchr
configure:22207: gcc -o conftest -g -O2   conftest.c  >&5
conftest.c:54: warning: conflicting types for built-in function 'strchr'
configure:22213: $? = 0
configure:22231: result: yes
configure:22151: checking for strtol
configure:22207: gcc -o conftest -g -O2   conftest.c  >&5
configure:22213: $? = 0
configure:22231: result: yes
configure:22248: checking for python
configure:22266: found /usr/bin/python
configure:22278: result: /usr/bin/python
configure:22330: checking python module: subprocess
configure:22340: result: yes
configure:22377: checking whether make sets $(MAKE)
configure:22398: result: yes
configure:22531: creating ./config.status

## ---------------------- ##
## Running config.status. ##
## ---------------------- ##

This file was extended by NCL config.status 2.0.04, which was
generated by GNU Autoconf 2.61.  Invocation command line was

  CONFIG_FILES    = 
  CONFIG_HEADERS  = 
  CONFIG_LINKS    = 
  CONFIG_COMMANDS = 
  $ ./config.status 

on user-67-159-88-74.wireless.duke.edu

config.status:671: creating Makefile
config.status:671: creating example/Makefile
config.status:671: creating example/ncltest/Makefile
config.status:671: creating example/nclsimplest/Makefile
config.status:671: creating example/basiccmdline/Makefile
config.status:671: creating example/normalizer/Makefile
config.status:671: creating ncl/Makefile
config.status:671: creating test/Makefile
config.status:671: creating config.h
config.status:956: executing depfiles commands

## ---------------- ##
## Cache variables. ##
## ---------------- ##

ac_cv_build=i686-apple-darwin9.1.0
ac_cv_c_compiler_gnu=yes
ac_cv_c_const=yes
ac_cv_c_inline=inline
ac_cv_cxx_compiler_gnu=yes
ac_cv_env_CCC_set=
ac_cv_env_CCC_value=
ac_cv_env_CC_set=
ac_cv_env_CC_value=
ac_cv_env_CFLAGS_set=
ac_cv_env_CFLAGS_value=
ac_cv_env_CPPFLAGS_set=
ac_cv_env_CPPFLAGS_value=
ac_cv_env_CPP_set=
ac_cv_env_CPP_value=
ac_cv_env_CXXCPP_set=
ac_cv_env_CXXCPP_value=
ac_cv_env_CXXFLAGS_set=
ac_cv_env_CXXFLAGS_value=
ac_cv_env_CXX_set=
ac_cv_env_CXX_value=
ac_cv_env_F77_set=
ac_cv_env_F77_value=
ac_cv_env_FFLAGS_set=
ac_cv_env_FFLAGS_value=
ac_cv_env_LDFLAGS_set=
ac_cv_env_LDFLAGS_value=
ac_cv_env_LIBS_set=
ac_cv_env_LIBS_value=
ac_cv_env_build_alias_set=
ac_cv_env_build_alias_value=
ac_cv_env_host_alias_set=
ac_cv_env_host_alias_value=
ac_cv_env_target_alias_set=
ac_cv_env_target_alias_value=
ac_cv_f77_compiler_gnu=no
ac_cv_func_alarm=yes
ac_cv_func_memmove=yes
ac_cv_func_strchr=yes
ac_cv_func_strtod=yes
ac_cv_func_strtol=yes
ac_cv_func_working_mktime=yes
ac_cv_header_dlfcn_h=yes
ac_cv_header_float_h=yes
ac_cv_header_inttypes_h=yes
ac_cv_header_memory_h=yes
ac_cv_header_stdbool_h=yes
ac_cv_header_stdc=yes
ac_cv_header_stdint_h=yes
ac_cv_header_stdlib_h=yes
ac_cv_header_string_h=yes
ac_cv_header_strings_h=yes
ac_cv_header_sys_stat_h=yes
ac_cv_header_sys_time_h=yes
ac_cv_header_sys_types_h=yes
ac_cv_header_time=yes
ac_cv_header_unistd_h=yes
ac_cv_host=i686-apple-darwin9.1.0
ac_cv_objext=o
ac_cv_path_EGREP='/usr/bin/grep -E'
ac_cv_path_GREP=/usr/bin/grep
ac_cv_path_PYTHON=/usr/bin/python
ac_cv_path_install='/usr/bin/install -c'
ac_cv_prog_AWK=awk
ac_cv_prog_CPP='gcc -E'
ac_cv_prog_CXXCPP='g++ -E'
ac_cv_prog_ac_ct_AR=ar
ac_cv_prog_ac_ct_CC=gcc
ac_cv_prog_ac_ct_CXX=g++
ac_cv_prog_ac_ct_RANLIB=ranlib
ac_cv_prog_ac_ct_STRIP=strip
ac_cv_prog_cc_c89=
ac_cv_prog_cc_g=yes
ac_cv_prog_cxx_g=yes
ac_cv_prog_f77_g=no
ac_cv_prog_make_make_set=yes
ac_cv_struct_tm=time.h
ac_cv_type__Bool=yes
am_cv_CC_dependencies_compiler_type=gcc3
am_cv_CXX_dependencies_compiler_type=gcc3
am_cv_prog_tar_ustar=gnutar
lt_cv_deplibs_check_method=pass_all
lt_cv_file_magic_cmd='$MAGIC_CMD'
lt_cv_file_magic_test_file=
lt_cv_ld_reload_flag=-r
lt_cv_objdir=.libs
lt_cv_path_LD=/usr/libexec/gcc/i686-apple-darwin9/4.0.1/ld
lt_cv_path_LDCXX=/usr/libexec/gcc/i686-apple-darwin9/4.0.1/ld
lt_cv_path_NM='/usr/bin/nm -p'
lt_cv_path_SED=/usr/bin/sed
lt_cv_prog_compiler_c_o=yes
lt_cv_prog_compiler_c_o_CXX=yes
lt_cv_prog_compiler_rtti_exceptions=no
lt_cv_prog_gnu_ld=no
lt_cv_prog_gnu_ldcxx=no
lt_cv_sys_global_symbol_pipe='sed -n -e '\''s/^.*[ 	]\([BCDEGRST][BCDEGRST]*\)[ 	][ 	]*_\([_A-Za-z][_A-Za-z0-9]*\)$/\1 _\2 \2/p'\'''
lt_cv_sys_global_symbol_to_c_name_address='sed -n -e '\''s/^: \([^ ]*\) $/  {\"\1\", (lt_ptr) 0},/p'\'' -e '\''s/^[BCDEGRST] \([^ ]*\) \([^ ]*\)$/  {"\2", (lt_ptr) \&\2},/p'\'''
lt_cv_sys_global_symbol_to_cdecl='sed -n -e '\''s/^. .* \(.*\)$/extern int \1;/p'\'''
lt_cv_sys_max_cmd_len=196608
lt_lt_cv_prog_compiler_c_o='"yes"'
lt_lt_cv_prog_compiler_c_o_CXX='"yes"'
lt_lt_cv_sys_global_symbol_pipe='"sed -n -e '\''s/^.*[ 	]\\([BCDEGRST][BCDEGRST]*\\)[ 	][ 	]*_\\([_A-Za-z][_A-Za-z0-9]*\\)\$/\\1 _\\2 \\2/p'\''"'
lt_lt_cv_sys_global_symbol_to_c_name_address='"sed -n -e '\''s/^: \\([^ ]*\\) \$/  {\\\"\\1\\\", (lt_ptr) 0},/p'\'' -e '\''s/^[BCDEGRST] \\([^ ]*\\) \\([^ ]*\\)\$/  {\"\\2\", (lt_ptr) \\&\\2},/p'\''"'
lt_lt_cv_sys_global_symbol_to_cdecl='"sed -n -e '\''s/^. .* \\(.*\\)\$/extern int \\1;/p'\''"'

## ----------------- ##
## Output variables. ##
## ----------------- ##

ACLOCAL='${SHELL} /Users/bcomeara/Documents/phyloc/trunk/Rpkgs/ioNCL/ncl/config/missing --run aclocal-1.10'
AMDEPBACKSLASH='\'
AMDEP_FALSE='#'
AMDEP_TRUE=''
AMTAR='${SHELL} /Users/bcomeara/Documents/phyloc/trunk/Rpkgs/ioNCL/ncl/config/missing --run tar'
AR='ar'
AUTOCONF='${SHELL} /Users/bcomeara/Documents/phyloc/trunk/Rpkgs/ioNCL/ncl/config/missing --run autoconf'
AUTOHEADER='${SHELL} /Users/bcomeara/Documents/phyloc/trunk/Rpkgs/ioNCL/ncl/config/missing --run autoheader'
AUTOMAKE='${SHELL} /Users/bcomeara/Documents/phyloc/trunk/Rpkgs/ioNCL/ncl/config/missing --run automake-1.10'
AWK='awk'
CC='gcc'
CCDEPMODE='depmode=gcc3'
CFLAGS='-g -O2'
CPP='gcc -E'
CPPFLAGS=''
CXX='g++'
CXXCPP='g++ -E'
CXXDEPMODE='depmode=gcc3'
CXXFLAGS=' -O3 -ffast-math  -Wno-long-double'
CYGPATH_W='echo'
DEFS='-DHAVE_CONFIG_H'
DEPDIR='.deps'
ECHO='/bin/echo'
ECHO_C='ECHO_N=''
ECHO_T=''
EGREP='/usr/bin/grep -E'
EXEEXT=''
F77=''
FFLAGS=''
GREP='/usr/bin/grep'
INSTALL_DATA='${INSTALL} -m 644'
INSTALL_PROGRAM='${INSTALL}'
INSTALL_SCRIPT='${INSTALL}'
INSTALL_STRIP_PROGRAM='$(install_sh) -c -s'
LDFLAGS=''
LIBOBJS=''
LIBS=''
LIBTOOL='$(SHELL) $(top_builddir)/libtool'
LN_S='ln -s'
LTLIBOBJS=''
MAKEINFO='${SHELL} /Users/bcomeara/Documents/phyloc/trunk/Rpkgs/ioNCL/ncl/config/missing --run makeinfo'
MAYBE_TEST_DIR='test'
OBJEXT='o'
PACKAGE='ncl'
PACKAGE_BUGREPORT='paul.lewis@uconn.edu'
PACKAGE_NAME='NCL'
PACKAGE_STRING='NCL 2.0.04'
PACKAGE_TARNAME='ncl'
PACKAGE_VERSION='2.0.04'
PATH_SEPARATOR=':'
POW_LIB=''
PYTHON='/usr/bin/python'
RANLIB='ranlib'
SET_MAKE=''
SHELL='/bin/sh'
STRIP='strip'
VERSION='2.0.04'
ac_ct_CC='gcc'
ac_ct_CXX='g++'
ac_ct_F77=''
am__fastdepCC_FALSE='#'
am__fastdepCC_TRUE=''
am__fastdepCXX_FALSE='#'
am__fastdepCXX_TRUE=''
am__include='include'
am__isrc=''
am__leading_dot='.'
am__quote=''
am__tar='tar --format=ustar -chf - "$$tardir"'
am__untar='tar -xf -'
bindir='${exec_prefix}/bin'
build='i686-apple-darwin9.1.0'
build_alias=''
build_cpu='i686'
build_os='darwin9.1.0'
build_vendor='apple'
datadir='${datarootdir}'
datarootdir='${prefix}/share'
docdir='${datarootdir}/doc/${PACKAGE_TARNAME}'
dvidir='${docdir}'
exec_prefix='${prefix}'
host='i686-apple-darwin9.1.0'
host_alias=''
host_cpu='i686'
host_os='darwin9.1.0'
host_vendor='apple'
htmldir='${docdir}'
includedir='${prefix}/include'
infodir='${datarootdir}/info'
install_sh='$(SHELL) /Users/bcomeara/Documents/phyloc/trunk/Rpkgs/ioNCL/ncl/config/install-sh'
libdir='${exec_prefix}/lib'
libexecdir='${exec_prefix}/libexec'
localedir='${datarootdir}/locale'
localstatedir='${prefix}/var'
mandir='${datarootdir}/man'
mkdir_p='$(top_builddir)/config/install-sh -c -d'
oldincludedir='/usr/include'
pdfdir='${docdir}'
prefix='/usr/local'
program_transform_name='s,x,x,'
psdir='${docdir}'
sbindir='${exec_prefix}/sbin'
sharedstatedir='${prefix}/com'
sysconfdir='${prefix}/etc'
target_alias=''

## ----------- ##
## confdefs.h. ##
## ----------- ##

#define PACKAGE_NAME "NCL"
#define PACKAGE_TARNAME "ncl"
#define PACKAGE_VERSION "2.0.04"
#define PACKAGE_STRING "NCL 2.0.04"
#define PACKAGE_BUGREPORT "paul.lewis@uconn.edu"
#define PACKAGE "ncl"
#define VERSION "2.0.04"
#define STDC_HEADERS 1
#define HAVE_SYS_TYPES_H 1
#define HAVE_SYS_STAT_H 1
#define HAVE_STDLIB_H 1
#define HAVE_STRING_H 1
#define HAVE_MEMORY_H 1
#define HAVE_STRINGS_H 1
#define HAVE_INTTYPES_H 1
#define HAVE_STDINT_H 1
#define HAVE_UNISTD_H 1
#define HAVE_DLFCN_H 1
#define STDC_HEADERS 1
#define HAVE_FLOAT_H 1
#define HAVE_STDLIB_H 1
#define HAVE__BOOL 1
#define HAVE_STDBOOL_H 1
#define TIME_WITH_SYS_TIME 1
#define HAVE_SYS_TIME_H 1
#define HAVE_UNISTD_H 1
#define HAVE_ALARM 1
#define HAVE_MEMMOVE 1
#define HAVE_STRCHR 1
#define HAVE_STRTOL 1

configure: exit 0

## ---------------------- ##
## Running config.status. ##
## ---------------------- ##

This file was extended by NCL config.status 2.0.04, which was
generated by GNU Autoconf 2.61.  Invocation command line was

  CONFIG_FILES    = 
  CONFIG_HEADERS  = 
  CONFIG_LINKS    = 
  CONFIG_COMMANDS = 
  $ ./config.status config.h

on user-67-159-88-74.wireless.duke.edu

config.status:671: creating config.h
config.status:910: config.h is unchanged
